This file contains any messages produced by compilers while
running configure, to aid debugging if configure makes a mistake.

It was created by MPEG Audio Decoder configure 0.15.1b, which was
generated by GNU Autoconf 2.59.  Invocation command line was

  $ ./configure 

## --------- ##
## Platform. ##
## --------- ##

hostname = parw00060556
uname -m = i686
uname -r = 1.5.17(0.129/4/2)
uname -s = CYGWIN_NT-5.1
uname -v = 2005-05-25 19:38

/usr/bin/uname -p = unknown
/bin/uname -X     = unknown

/bin/arch              = unknown
/usr/bin/arch -k       = unknown
/usr/convex/getsysinfo = unknown
hostinfo               = unknown
/bin/machine           = unknown
/usr/bin/oslevel       = unknown
/bin/universe          = unknown

PATH: /usr/local/bin
PATH: /usr/bin
PATH: /bin
PATH: /usr/X11R6/bin
PATH: //infsapps/applications/SYBA/OCOD0012510NEN009/ADO.NET/dll
PATH: //infsapps/applications/SYBA/OCOD0012510NEN009/OCS-12_5/bin
PATH: //infsapps/applications/SYBA/OCOD0012510NEN009/OCS-12_5/lib3p
PATH: //infsapps/applications/SYBA/OCOD0012510NEN009/OCS-12_5/dll
PATH: //infsapps/applications/SYBA/OCOD0012510NEN009/ODBC
PATH: //infsapps/applications/SYBA/OCOD0012510NEN009/OLEDB
PATH: //infsapps/applications/SYBA/OCOD0012510NEN009/JS-12_5/bin
PATH: /cygdrive/c/YM/Perl/bin/
PATH: /cygdrive/c/WINDOWS/System32
PATH: /cygdrive/c/WINDOWS
PATH: /cygdrive/c/WINDOWS/System32/Wbem
PATH: /cygdrive/c/infAppdata/Notes/data
PATH: /cygdrive/c/Program Files/IDEpro/Ultraedit92/
PATH: /cygdrive/c/Program Files/Seagate Software/NOTES
PATH: /cygdrive/c/Program Files/Seagate Software/NOTES/DATA
PATH: /cygdrive/c/Program Files/Sybase/SQL Anywhere 8/win32
PATH: /cygdrive/c/Program Files/Sybase/Shared/win32
PATH: /cygdrive/c/Program Files/Sybase/Shared/Sybase Central 4.1
PATH: /cygdrive/c/Program Files/Sybase/PowerDynamo/win32
PATH: /cygdrive/c/Program Files/Sybase/Shared/PowerBuilder
PATH: /cygdrive/c/Program Files/Sybase/InfoMaker 9.0/Tutorial
PATH: /cygdrive/c/Program Files/Sybase/Shared/Web Targets
PATH: .
PATH: /cygdrive/c/Program Files/Borland/StarTeam SDK 6.0/Lib
PATH: /cygdrive/c/Program Files/Borland/StarTeam SDK/
PATH: /usr/local/pspdev/bin
PATH: /usr/local/pspdev/psp/bin
PATH: /usr/local/pspdev/pspsdk/bin


## ----------- ##
## Core tests. ##
## ----------- ##

configure:1577: checking for a BSD-compatible install
configure:1632: result: /usr/bin/install -c
configure:1643: checking whether build environment is sane
configure:1686: result: yes
configure:1743: checking for gawk
configure:1759: found /usr/bin/gawk
configure:1769: result: gawk
configure:1779: checking whether make sets $(MAKE)
configure:1799: result: yes
configure:1974: checking build system type
configure:1992: result: i686-pc-cygwin
configure:2000: checking host system type
configure:2014: result: i686-pc-cygwin
configure:2070: checking for gcc
configure:2086: found /usr/bin/gcc
configure:2096: result: gcc
configure:2340: checking for C compiler version
configure:2343: gcc --version </dev/null >&5
gcc (GCC) 3.4.4 (cygming special) (gdc 0.12, using dmd 0.125)
Copyright (C) 2004 Free Software Foundation, Inc.
This is free software; see the source for copying conditions.  There is NO
warranty; not even for MERCHANTABILITY or FITNESS FOR A PARTICULAR PURPOSE.

configure:2346: $? = 0
configure:2348: gcc -v </dev/null >&5
Reading specs from /usr/lib/gcc/i686-pc-cygwin/3.4.4/specs
Configured with: /gcc/gcc-3.4.4/gcc-3.4.4-1/configure --verbose --prefix=/usr --exec-prefix=/usr --sysconfdir=/etc --libdir=/usr/lib --libexecdir=/usr/lib --mandir=/usr/share/man --infodir=/usr/share/info --enable-languages=c,ada,c++,d,f77,java,objc --enable-nls --without-included-gettext --enable-version-specific-runtime-libs --without-x --enable-libgcj --disable-java-awt --with-system-zlib --enable-interpreter --disable-libgcj-debug --enable-threads=posix --enable-java-gc=boehm --disable-win32-registry --enable-sjlj-exceptions --enable-hash-synchronization --enable-libstdcxx-debug : (reconfigured) 
Thread model: posix
gcc version 3.4.4 (cygming special) (gdc 0.12, using dmd 0.125)
configure:2351: $? = 0
configure:2353: gcc -V </dev/null >&5
gcc: `-V' option must have argument
configure:2356: $? = 1
configure:2379: checking for C compiler default output file name
configure:2382: gcc    conftest.c  >&5
configure:2385: $? = 0
configure:2431: result: a.exe
configure:2436: checking whether the C compiler works
configure:2442: ./a.exe
configure:2445: $? = 0
configure:2462: result: yes
configure:2469: checking whether we are cross compiling
configure:2471: result: no
configure:2474: checking for suffix of executables
configure:2476: gcc -o conftest.exe    conftest.c  >&5
configure:2479: $? = 0
configure:2504: result: .exe
configure:2510: checking for suffix of object files
configure:2531: gcc -c   conftest.c >&5
configure:2534: $? = 0
configure:2556: result: o
configure:2560: checking whether we are using the GNU C compiler
configure:2584: gcc -c   conftest.c >&5
configure:2590: $? = 0
configure:2593: test -z 			 || test ! -s conftest.err
configure:2596: $? = 0
configure:2599: test -s conftest.o
configure:2602: $? = 0
configure:2615: result: yes
configure:2621: checking whether gcc accepts -g
configure:2642: gcc -c -g  conftest.c >&5
configure:2648: $? = 0
configure:2651: test -z 			 || test ! -s conftest.err
configure:2654: $? = 0
configure:2657: test -s conftest.o
configure:2660: $? = 0
configure:2671: result: yes
configure:2688: checking for gcc option to accept ANSI C
configure:2758: gcc  -c -g -O2  conftest.c >&5
configure:2764: $? = 0
configure:2767: test -z 			 || test ! -s conftest.err
configure:2770: $? = 0
configure:2773: test -s conftest.o
configure:2776: $? = 0
configure:2794: result: none needed
configure:2812: gcc -c -g -O2  conftest.c >&5
conftest.c:2: error: parse error before "me"
configure:2818: $? = 1
configure: failed program was:
| #ifndef __cplusplus
|   choke me
| #endif
configure:2959: checking for style of include used by make
configure:2987: result: GNU
configure:3015: checking dependency style of gcc
configure:3098: result: gcc3
configure:3210: checking for a sed that does not truncate output
configure:3264: result: /usr/bin/sed
configure:3267: checking for egrep
configure:3277: result: grep -E
configure:3293: checking for ld used by gcc
configure:3360: result: /usr/i686-pc-cygwin/bin/ld.exe
configure:3369: checking if the linker (/usr/i686-pc-cygwin/bin/ld.exe) is GNU ld
configure:3384: result: yes
configure:3389: checking for /usr/i686-pc-cygwin/bin/ld.exe option to reload object files
configure:3396: result: -r
configure:3405: checking for BSD-compatible nm
configure:3447: result: /usr/bin/nm -B
configure:3451: checking whether ln -s works
configure:3455: result: yes
configure:3462: checking how to recognise dependent libraries
configure:3636: result: file_magic ^x86 archive import|^x86 DLL
configure:3849: checking how to run the C preprocessor
configure:3884: gcc -E  conftest.c
configure:3890: $? = 0
configure:3922: gcc -E  conftest.c
conftest.c:11:28: ac_nonexistent.h: No such file or directory
configure:3928: $? = 1
configure: failed program was:
| /* confdefs.h.  */
| 
| #define PACKAGE_NAME "MPEG Audio Decoder"
| #define PACKAGE_TARNAME "libmad"
| #define PACKAGE_VERSION "0.15.1b"
| #define PACKAGE_STRING "MPEG Audio Decoder 0.15.1b"
| #define PACKAGE_BUGREPORT "support@underbit.com"
| #define PACKAGE "libmad"
| #define VERSION "0.15.1b"
| /* end confdefs.h.  */
| #include <ac_nonexistent.h>
configure:3967: result: gcc -E
configure:3991: gcc -E  conftest.c
configure:3997: $? = 0
configure:4029: gcc -E  conftest.c
conftest.c:11:28: ac_nonexistent.h: No such file or directory
configure:4035: $? = 1
configure: failed program was:
| /* confdefs.h.  */
| 
| #define PACKAGE_NAME "MPEG Audio Decoder"
| #define PACKAGE_TARNAME "libmad"
| #define PACKAGE_VERSION "0.15.1b"
| #define PACKAGE_STRING "MPEG Audio Decoder 0.15.1b"
| #define PACKAGE_BUGREPORT "support@underbit.com"
| #define PACKAGE "libmad"
| #define VERSION "0.15.1b"
| /* end confdefs.h.  */
| #include <ac_nonexistent.h>
configure:4079: checking for ANSI C header files
configure:4104: gcc -c -g -O2  conftest.c >&5
configure:4110: $? = 0
configure:4113: test -z 			 || test ! -s conftest.err
configure:4116: $? = 0
configure:4119: test -s conftest.o
configure:4122: $? = 0
configure:4208: gcc -o conftest.exe -g -O2   conftest.c  >&5
configure:4211: $? = 0
configure:4213: ./conftest.exe
configure:4216: $? = 0
configure:4231: result: yes
configure:4255: checking for sys/types.h
configure:4271: gcc -c -g -O2  conftest.c >&5
configure:4277: $? = 0
configure:4280: test -z 			 || test ! -s conftest.err
configure:4283: $? = 0
configure:4286: test -s conftest.o
configure:4289: $? = 0
configure:4300: result: yes
configure:4255: checking for sys/stat.h
configure:4271: gcc -c -g -O2  conftest.c >&5
configure:4277: $? = 0
configure:4280: test -z 			 || test ! -s conftest.err
configure:4283: $? = 0
configure:4286: test -s conftest.o
configure:4289: $? = 0
configure:4300: result: yes
configure:4255: checking for stdlib.h
configure:4271: gcc -c -g -O2  conftest.c >&5
configure:4277: $? = 0
configure:4280: test -z 			 || test ! -s conftest.err
configure:4283: $? = 0
configure:4286: test -s conftest.o
configure:4289: $? = 0
configure:4300: result: yes
configure:4255: checking for string.h
configure:4271: gcc -c -g -O2  conftest.c >&5
configure:4277: $? = 0
configure:4280: test -z 			 || test ! -s conftest.err
configure:4283: $? = 0
configure:4286: test -s conftest.o
configure:4289: $? = 0
configure:4300: result: yes
configure:4255: checking for memory.h
configure:4271: gcc -c -g -O2  conftest.c >&5
configure:4277: $? = 0
configure:4280: test -z 			 || test ! -s conftest.err
configure:4283: $? = 0
configure:4286: test -s conftest.o
configure:4289: $? = 0
configure:4300: result: yes
configure:4255: checking for strings.h
configure:4271: gcc -c -g -O2  conftest.c >&5
configure:4277: $? = 0
configure:4280: test -z 			 || test ! -s conftest.err
configure:4283: $? = 0
configure:4286: test -s conftest.o
configure:4289: $? = 0
configure:4300: result: yes
configure:4255: checking for inttypes.h
configure:4271: gcc -c -g -O2  conftest.c >&5
configure:4277: $? = 0
configure:4280: test -z 			 || test ! -s conftest.err
configure:4283: $? = 0
configure:4286: test -s conftest.o
configure:4289: $? = 0
configure:4300: result: yes
configure:4255: checking for stdint.h
configure:4271: gcc -c -g -O2  conftest.c >&5
configure:4277: $? = 0
configure:4280: test -z 			 || test ! -s conftest.err
configure:4283: $? = 0
configure:4286: test -s conftest.o
configure:4289: $? = 0
configure:4300: result: yes
configure:4255: checking for unistd.h
configure:4271: gcc -c -g -O2  conftest.c >&5
configure:4277: $? = 0
configure:4280: test -z 			 || test ! -s conftest.err
configure:4283: $? = 0
configure:4286: test -s conftest.o
configure:4289: $? = 0
configure:4300: result: yes
configure:4326: checking dlfcn.h usability
configure:4338: gcc -c -g -O2  conftest.c >&5
configure:4344: $? = 0
configure:4347: test -z 			 || test ! -s conftest.err
configure:4350: $? = 0
configure:4353: test -s conftest.o
configure:4356: $? = 0
configure:4366: result: yes
configure:4370: checking dlfcn.h presence
configure:4380: gcc -E  conftest.c
configure:4386: $? = 0
configure:4406: result: yes
configure:4441: checking for dlfcn.h
configure:4448: result: yes
configure:4513: checking for g++
configure:4529: found /usr/bin/g++
configure:4539: result: g++
configure:4555: checking for C++ compiler version
configure:4558: g++ --version </dev/null >&5
g++ (GCC) 3.4.4 (cygming special) (gdc 0.12, using dmd 0.125)
Copyright (C) 2004 Free Software Foundation, Inc.
This is free software; see the source for copying conditions.  There is NO
warranty; not even for MERCHANTABILITY or FITNESS FOR A PARTICULAR PURPOSE.

configure:4561: $? = 0
configure:4563: g++ -v </dev/null >&5
Reading specs from /usr/lib/gcc/i686-pc-cygwin/3.4.4/specs
Configured with: /gcc/gcc-3.4.4/gcc-3.4.4-1/configure --verbose --prefix=/usr --exec-prefix=/usr --sysconfdir=/etc --libdir=/usr/lib --libexecdir=/usr/lib --mandir=/usr/share/man --infodir=/usr/share/info --enable-languages=c,ada,c++,d,f77,java,objc --enable-nls --without-included-gettext --enable-version-specific-runtime-libs --without-x --enable-libgcj --disable-java-awt --with-system-zlib --enable-interpreter --disable-libgcj-debug --enable-threads=posix --enable-java-gc=boehm --disable-win32-registry --enable-sjlj-exceptions --enable-hash-synchronization --enable-libstdcxx-debug : (reconfigured) 
Thread model: posix
gcc version 3.4.4 (cygming special) (gdc 0.12, using dmd 0.125)
configure:4566: $? = 0
configure:4568: g++ -V </dev/null >&5
g++: `-V' option must have argument
configure:4571: $? = 1
configure:4574: checking whether we are using the GNU C++ compiler
configure:4598: g++ -c   conftest.cc >&5
configure:4604: $? = 0
configure:4607: test -z 			 || test ! -s conftest.err
configure:4610: $? = 0
configure:4613: test -s conftest.o
configure:4616: $? = 0
configure:4629: result: yes
configure:4635: checking whether g++ accepts -g
configure:4656: g++ -c -g  conftest.cc >&5
configure:4662: $? = 0
configure:4665: test -z 			 || test ! -s conftest.err
configure:4668: $? = 0
configure:4671: test -s conftest.o
configure:4674: $? = 0
configure:4685: result: yes
configure:4727: g++ -c -g -O2  conftest.cc >&5
configure:4733: $? = 0
configure:4736: test -z 			 || test ! -s conftest.err
configure:4739: $? = 0
configure:4742: test -s conftest.o
configure:4745: $? = 0
configure:4771: g++ -c -g -O2  conftest.cc >&5
conftest.cc: In function `int main()':
conftest.cc:26: error: `exit' undeclared (first use this function)
conftest.cc:26: error: (Each undeclared identifier is reported only once for each function it appears in.)
configure:4777: $? = 1
configure: failed program was:
| /* confdefs.h.  */
| 
| #define PACKAGE_NAME "MPEG Audio Decoder"
| #define PACKAGE_TARNAME "libmad"
| #define PACKAGE_VERSION "0.15.1b"
| #define PACKAGE_STRING "MPEG Audio Decoder 0.15.1b"
| #define PACKAGE_BUGREPORT "support@underbit.com"
| #define PACKAGE "libmad"
| #define VERSION "0.15.1b"
| #define STDC_HEADERS 1
| #define HAVE_SYS_TYPES_H 1
| #define HAVE_SYS_STAT_H 1
| #define HAVE_STDLIB_H 1
| #define HAVE_STRING_H 1
| #define HAVE_MEMORY_H 1
| #define HAVE_STRINGS_H 1
| #define HAVE_INTTYPES_H 1
| #define HAVE_STDINT_H 1
| #define HAVE_UNISTD_H 1
| #define HAVE_DLFCN_H 1
| /* end confdefs.h.  */
| 
| int
| main ()
| {
| exit (42);
|   ;
|   return 0;
| }
configure:4727: g++ -c -g -O2  conftest.cc >&5
configure:4733: $? = 0
configure:4736: test -z 			 || test ! -s conftest.err
configure:4739: $? = 0
configure:4742: test -s conftest.o
configure:4745: $? = 0
configure:4771: g++ -c -g -O2  conftest.cc >&5
configure:4777: $? = 0
configure:4780: test -z 			 || test ! -s conftest.err
configure:4783: $? = 0
configure:4786: test -s conftest.o
configure:4789: $? = 0
configure:4814: checking dependency style of g++
configure:4897: result: gcc3
configure:4919: checking how to run the C++ preprocessor
configure:4950: g++ -E  conftest.cc
configure:4956: $? = 0
configure:4988: g++ -E  conftest.cc
conftest.cc:25:28: ac_nonexistent.h: No such file or directory
configure:4994: $? = 1
configure: failed program was:
| /* confdefs.h.  */
| 
| #define PACKAGE_NAME "MPEG Audio Decoder"
| #define PACKAGE_TARNAME "libmad"
| #define PACKAGE_VERSION "0.15.1b"
| #define PACKAGE_STRING "MPEG Audio Decoder 0.15.1b"
| #define PACKAGE_BUGREPORT "support@underbit.com"
| #define PACKAGE "libmad"
| #define VERSION "0.15.1b"
| #define STDC_HEADERS 1
| #define HAVE_SYS_TYPES_H 1
| #define HAVE_SYS_STAT_H 1
| #define HAVE_STDLIB_H 1
| #define HAVE_STRING_H 1
| #define HAVE_MEMORY_H 1
| #define HAVE_STRINGS_H 1
| #define HAVE_INTTYPES_H 1
| #define HAVE_STDINT_H 1
| #define HAVE_UNISTD_H 1
| #define HAVE_DLFCN_H 1
| #ifdef __cplusplus
| extern "C" void std::exit (int) throw (); using std::exit;
| #endif
| /* end confdefs.h.  */
| #include <ac_nonexistent.h>
configure:5033: result: g++ -E
configure:5057: g++ -E  conftest.cc
configure:5063: $? = 0
configure:5095: g++ -E  conftest.cc
conftest.cc:25:28: ac_nonexistent.h: No such file or directory
configure:5101: $? = 1
configure: failed program was:
| /* confdefs.h.  */
| 
| #define PACKAGE_NAME "MPEG Audio Decoder"
| #define PACKAGE_TARNAME "libmad"
| #define PACKAGE_VERSION "0.15.1b"
| #define PACKAGE_STRING "MPEG Audio Decoder 0.15.1b"
| #define PACKAGE_BUGREPORT "support@underbit.com"
| #define PACKAGE "libmad"
| #define VERSION "0.15.1b"
| #define STDC_HEADERS 1
| #define HAVE_SYS_TYPES_H 1
| #define HAVE_SYS_STAT_H 1
| #define HAVE_STDLIB_H 1
| #define HAVE_STRING_H 1
| #define HAVE_MEMORY_H 1
| #define HAVE_STRINGS_H 1
| #define HAVE_INTTYPES_H 1
| #define HAVE_STDINT_H 1
| #define HAVE_UNISTD_H 1
| #define HAVE_DLFCN_H 1
| #ifdef __cplusplus
| extern "C" void std::exit (int) throw (); using std::exit;
| #endif
| /* end confdefs.h.  */
| #include <ac_nonexistent.h>
configure:5196: checking for g77
configure:5212: found /usr/bin/g77
configure:5222: result: g77
configure:5240: checking for Fortran 77 compiler version
configure:5240: g77 --version </dev/null >&5
GNU Fortran (GCC) 3.4.4 (cygming special) (gdc 0.12, using dmd 0.125)
Copyright (C) 2004 Free Software Foundation, Inc.

GNU Fortran comes with NO WARRANTY, to the extent permitted by law.
You may redistribute copies of GNU Fortran
under the terms of the GNU General Public License.
For more information about these matters, see the file named COPYING
or type the command `info -f g77 Copying'.
configure:5243: $? = 0
configure:5245: g77 -v </dev/null >&5
Reading specs from /usr/lib/gcc/i686-pc-cygwin/3.4.4/specs
Configured with: /gcc/gcc-3.4.4/gcc-3.4.4-1/configure --verbose --prefix=/usr --exec-prefix=/usr --sysconfdir=/etc --libdir=/usr/lib --libexecdir=/usr/lib --mandir=/usr/share/man --infodir=/usr/share/info --enable-languages=c,ada,c++,d,f77,java,objc --enable-nls --without-included-gettext --enable-version-specific-runtime-libs --without-x --enable-libgcj --disable-java-awt --with-system-zlib --enable-interpreter --disable-libgcj-debug --enable-threads=posix --enable-java-gc=boehm --disable-win32-registry --enable-sjlj-exceptions --enable-hash-synchronization --enable-libstdcxx-debug : (reconfigured) 
Thread model: posix
gcc version 3.4.4 (cygming special) (gdc 0.12, using dmd 0.125)
configure:5248: $? = 0
configure:5250: g77 -V </dev/null >&5
g77: `-V' option must have argument
configure:5253: $? = 1
configure:5261: checking whether we are using the GNU Fortran 77 compiler
configure:5275: g77 -c  conftest.F >&5
configure:5281: $? = 0
configure:5284: test -z 			 || test ! -s conftest.err
configure:5287: $? = 0
configure:5290: test -s conftest.o
configure:5293: $? = 0
configure:5306: result: yes
configure:5312: checking whether g77 accepts -g
configure:5324: g77 -c -g conftest.f >&5
configure:5330: $? = 0
configure:5333: test -z 			 || test ! -s conftest.err
configure:5336: $? = 0
configure:5339: test -s conftest.o
configure:5342: $? = 0
configure:5354: result: yes
configure:5384: checking the maximum length of command line arguments
configure:5449: result: 8192
configure:5460: checking command to parse /usr/bin/nm -B output from gcc object
configure:5549: gcc -c -g -O2  conftest.c >&5
configure:5552: $? = 0
configure:5556: /usr/bin/nm -B conftest.o \| sed -n -e 's/^.*[ 	]\([ABCDGIRSTW][ABCDGIRSTW]*\)[ 	][ 	]*\(\)\([_A-Za-z][_A-Za-z0-9]*\)$/\1 \2\3 \3/p' \> conftest.nm
configure:5559: $? = 0
cannot find nm_test_var in conftest.nm
configure:5549: gcc -c -g -O2  conftest.c >&5
configure:5552: $? = 0
configure:5556: /usr/bin/nm -B conftest.o \| sed -n -e 's/^.*[ 	]\([ABCDGIRSTW][ABCDGIRSTW]*\)[ 	][ 	]*\(_\)\([_A-Za-z][_A-Za-z0-9]*\)$/\1 \2\3 \3/p' \> conftest.nm
configure:5559: $? = 0
configure:5611: gcc -o conftest.exe -g -O2   conftest.c conftstm.o >&5
configure:5614: $? = 0
configure:5652: result: ok
configure:5656: checking for objdir
configure:5671: result: .libs
configure:5761: checking for ar
configure:5777: found /usr/bin/ar
configure:5788: result: ar
configure:5841: checking for ranlib
configure:5857: found /usr/bin/ranlib
configure:5868: result: ranlib
configure:5921: checking for strip
configure:5937: found /usr/bin/strip
configure:5948: result: strip
configure:6210: checking if gcc static flag  works
configure:6233: result: yes
configure:6251: checking if gcc supports -fno-rtti -fno-exceptions
configure:6272: gcc -c -g -O2  -fno-rtti -fno-exceptions conftest.c >&5
cc1: warning: command line option "-fno-rtti" is valid for C++/ObjC++ but not for C
configure:6276: $? = 0
configure:6284: result: no
configure:6299: checking for gcc option to produce PIC
configure:6476: result: 
configure:6541: checking if gcc supports -c -o file.o
configure:6565: gcc -c -g -O2  -o out/conftest2.o conftest.c >&5
configure:6569: $? = 0
configure:6586: result: yes
configure:6612: checking whether the gcc linker (/usr/i686-pc-cygwin/bin/ld.exe) supports shared libraries
configure:7458: result: yes
configure:7484: checking whether -lc should be explicitly linked in
configure:7489: gcc -c -g -O2  conftest.c >&5
configure:7492: $? = 0
configure:7506: gcc -shared conftest.o  -v -o ./conftest -Wl,--image-base=0x10000000 -Wl,--out-implib,conftest 2\>\&1 \| grep  -lc  \>/dev/null 2\>\&1
configure:7509: $? = 1
configure:7521: result: yes
configure:7529: checking dynamic linker characteristics
configure:8069: result: Win32 ld.exe
configure:8073: checking how to hardcode library paths into programs
configure:8098: result: immediate
configure:8112: checking whether stripping libraries is possible
configure:8117: result: yes
configure:8940: checking if libtool supports shared libraries
configure:8942: result: yes
configure:8945: checking whether to build shared libraries
configure:9003: result: yes
configure:9006: checking whether to build static libraries
configure:9010: result: yes
configure:9102: creating libtool
configure:9649: checking for ld used by g++
configure:9716: result: /usr/i686-pc-cygwin/bin/ld.exe
configure:9725: checking if the linker (/usr/i686-pc-cygwin/bin/ld.exe) is GNU ld
configure:9740: result: yes
configure:9791: checking whether the g++ linker (/usr/i686-pc-cygwin/bin/ld.exe) supports shared libraries
configure:10617: result: yes
configure:10635: g++ -c -g -O2  conftest.cc >&5
configure:10638: $? = 0
configure:10734: checking for g++ option to produce PIC
configure:10986: result: 
configure:11051: checking if g++ supports -c -o file.o
configure:11075: g++ -c -g -O2  -o out/conftest2.o conftest.cc >&5
configure:11079: $? = 0
configure:11096: result: yes
configure:11122: checking whether the g++ linker (/usr/i686-pc-cygwin/bin/ld.exe) supports shared libraries
configure:11147: result: yes
configure:11218: checking dynamic linker characteristics
configure:11758: result: Win32 ld.exe
configure:11762: checking how to hardcode library paths into programs
configure:11787: result: immediate
configure:11801: checking whether stripping libraries is possible
configure:11806: result: yes
configure:13106: checking if libtool supports shared libraries
configure:13108: result: yes
configure:13111: checking whether to build shared libraries
configure:13129: result: yes
configure:13132: checking whether to build static libraries
configure:13136: result: yes
configure:13148: checking for g77 option to produce PIC
configure:13325: result: 
configure:13390: checking if g77 supports -c -o file.o
configure:13414: g77 -c -g -O2 -o out/conftest2.o conftest.f >&5
configure:13418: $? = 0
configure:13435: result: yes
configure:13461: checking whether the g77 linker (/usr/i686-pc-cygwin/bin/ld.exe) supports shared libraries
configure:14287: result: yes
configure:14358: checking dynamic linker characteristics
configure:14898: result: Win32 ld.exe
configure:14902: checking how to hardcode library paths into programs
configure:14927: result: immediate
configure:14941: checking whether stripping libraries is possible
configure:14946: result: yes
configure:19168: checking for ANSI C header files
configure:19320: result: yes
configure:19330: checking for sys/wait.h that is POSIX.1 compatible
configure:19361: gcc -c -Wall  conftest.c >&5
configure:19367: $? = 0
configure:19370: test -z 			 || test ! -s conftest.err
configure:19373: $? = 0
configure:19376: test -s conftest.o
configure:19379: $? = 0
configure:19390: result: yes
configure:19419: checking assert.h usability
configure:19431: gcc -c -Wall  conftest.c >&5
configure:19437: $? = 0
configure:19440: test -z 			 || test ! -s conftest.err
configure:19443: $? = 0
configure:19446: test -s conftest.o
configure:19449: $? = 0
configure:19459: result: yes
configure:19463: checking assert.h presence
configure:19473: gcc -E  conftest.c
configure:19479: $? = 0
configure:19499: result: yes
configure:19534: checking for assert.h
configure:19541: result: yes
configure:19419: checking limits.h usability
configure:19431: gcc -c -Wall  conftest.c >&5
configure:19437: $? = 0
configure:19440: test -z 			 || test ! -s conftest.err
configure:19443: $? = 0
configure:19446: test -s conftest.o
configure:19449: $? = 0
configure:19459: result: yes
configure:19463: checking limits.h presence
configure:19473: gcc -E  conftest.c
configure:19479: $? = 0
configure:19499: result: yes
configure:19534: checking for limits.h
configure:19541: result: yes
configure:19410: checking for unistd.h
configure:19415: result: yes
configure:19410: checking for sys/types.h
configure:19415: result: yes
configure:19419: checking fcntl.h usability
configure:19431: gcc -c -Wall  conftest.c >&5
configure:19437: $? = 0
configure:19440: test -z 			 || test ! -s conftest.err
configure:19443: $? = 0
configure:19446: test -s conftest.o
configure:19449: $? = 0
configure:19459: result: yes
configure:19463: checking fcntl.h presence
configure:19473: gcc -E  conftest.c
configure:19479: $? = 0
configure:19499: result: yes
configure:19534: checking for fcntl.h
configure:19541: result: yes
configure:19419: checking errno.h usability
configure:19431: gcc -c -Wall  conftest.c >&5
configure:19437: $? = 0
configure:19440: test -z 			 || test ! -s conftest.err
configure:19443: $? = 0
configure:19446: test -s conftest.o
configure:19449: $? = 0
configure:19459: result: yes
configure:19463: checking errno.h presence
configure:19473: gcc -E  conftest.c
configure:19479: $? = 0
configure:19499: result: yes
configure:19534: checking for errno.h
configure:19541: result: yes
configure:19556: checking for an ANSI C-conforming const
configure:19623: gcc -c -Wall  conftest.c >&5
conftest.c: In function `main':
conftest.c:60: warning: unused variable `s'
conftest.c:80: warning: unused variable `foo'
conftest.c:41: warning: unused variable `x'
conftest.c:47: warning: unused variable `zero'
configure:19629: $? = 0
configure:19632: test -z 			 || test ! -s conftest.err
configure:19635: $? = 0
configure:19638: test -s conftest.o
configure:19641: $? = 0
configure:19652: result: yes
configure:19662: checking for inline
configure:19683: gcc -c -Wall  conftest.c >&5
configure:19689: $? = 0
configure:19692: test -z 			 || test ! -s conftest.err
configure:19695: $? = 0
configure:19698: test -s conftest.o
configure:19701: $? = 0
configure:19713: result: inline
configure:19732: checking whether byte ordering is bigendian
configure:19759: gcc -c -Wall  conftest.c >&5
configure:19765: $? = 0
configure:19768: test -z 			 || test ! -s conftest.err
configure:19771: $? = 0
configure:19774: test -s conftest.o
configure:19777: $? = 0
configure:19801: gcc -c -Wall  conftest.c >&5
conftest.c: In function `main':
conftest.c:40: error: `not' undeclared (first use in this function)
conftest.c:40: error: (Each undeclared identifier is reported only once
conftest.c:40: error: for each function it appears in.)
conftest.c:40: error: parse error before "big"
configure:19807: $? = 1
configure: failed program was:
| /* confdefs.h.  */
| 
| #define PACKAGE_NAME "MPEG Audio Decoder"
| #define PACKAGE_TARNAME "libmad"
| #define PACKAGE_VERSION "0.15.1b"
| #define PACKAGE_STRING "MPEG Audio Decoder 0.15.1b"
| #define PACKAGE_BUGREPORT "support@underbit.com"
| #define PACKAGE "libmad"
| #define VERSION "0.15.1b"
| #define STDC_HEADERS 1
| #define HAVE_SYS_TYPES_H 1
| #define HAVE_SYS_STAT_H 1
| #define HAVE_STDLIB_H 1
| #define HAVE_STRING_H 1
| #define HAVE_MEMORY_H 1
| #define HAVE_STRINGS_H 1
| #define HAVE_INTTYPES_H 1
| #define HAVE_STDINT_H 1
| #define HAVE_UNISTD_H 1
| #define HAVE_DLFCN_H 1
| #ifdef __cplusplus
| extern "C" void std::exit (int) throw (); using std::exit;
| #endif
| #define STDC_HEADERS 1
| #define HAVE_SYS_WAIT_H 1
| #define HAVE_ASSERT_H 1
| #define HAVE_LIMITS_H 1
| #define HAVE_UNISTD_H 1
| #define HAVE_SYS_TYPES_H 1
| #define HAVE_FCNTL_H 1
| #define HAVE_ERRNO_H 1
| /* end confdefs.h.  */
| #include <sys/types.h>
| #include <sys/param.h>
| 
| int
| main ()
| {
| #if BYTE_ORDER != BIG_ENDIAN
|  not big endian
| #endif
| 
|   ;
|   return 0;
| }
configure:19940: result: no
configure:19959: checking for pid_t
configure:19983: gcc -c -Wall  conftest.c >&5
configure:19989: $? = 0
configure:19992: test -z 			 || test ! -s conftest.err
configure:19995: $? = 0
configure:19998: test -s conftest.o
configure:20001: $? = 0
configure:20012: result: yes
configure:20025: checking for int
configure:20049: gcc -c -Wall  conftest.c >&5
configure:20055: $? = 0
configure:20058: test -z 			 || test ! -s conftest.err
configure:20061: $? = 0
configure:20064: test -s conftest.o
configure:20067: $? = 0
configure:20078: result: yes
configure:20081: checking size of int
configure:20393: gcc -o conftest.exe -Wall   conftest.c  >&5
configure:20396: $? = 0
configure:20398: ./conftest.exe
configure:20401: $? = 0
configure:20424: result: 4
configure:20431: checking for long
configure:20455: gcc -c -Wall  conftest.c >&5
configure:20461: $? = 0
configure:20464: test -z 			 || test ! -s conftest.err
configure:20467: $? = 0
configure:20470: test -s conftest.o
configure:20473: $? = 0
configure:20484: result: yes
configure:20487: checking size of long
configure:20799: gcc -o conftest.exe -Wall   conftest.c  >&5
configure:20802: $? = 0
configure:20804: ./conftest.exe
configure:20807: $? = 0
configure:20830: result: 4
configure:20837: checking for long long
configure:20861: gcc -c -Wall  conftest.c >&5
configure:20867: $? = 0
configure:20870: test -z 			 || test ! -s conftest.err
configure:20873: $? = 0
configure:20876: test -s conftest.o
configure:20879: $? = 0
configure:20890: result: yes
configure:20893: checking size of long long
configure:21205: gcc -o conftest.exe -Wall   conftest.c  >&5
configure:21208: $? = 0
configure:21210: ./conftest.exe
configure:21213: $? = 0
configure:21236: result: 8
configure:21252: checking for waitpid
configure:21309: gcc -o conftest.exe -Wall   conftest.c  >&5
configure:21315: $? = 0
configure:21318: test -z 			 || test ! -s conftest.err
configure:21321: $? = 0
configure:21324: test -s conftest.exe
configure:21327: $? = 0
configure:21339: result: yes
configure:21252: checking for fcntl
configure:21309: gcc -o conftest.exe -Wall   conftest.c  >&5
configure:21315: $? = 0
configure:21318: test -z 			 || test ! -s conftest.err
configure:21321: $? = 0
configure:21324: test -s conftest.exe
configure:21327: $? = 0
configure:21339: result: yes
configure:21252: checking for pipe
configure:21309: gcc -o conftest.exe -Wall   conftest.c  >&5
configure:21315: $? = 0
configure:21318: test -z 			 || test ! -s conftest.err
configure:21321: $? = 0
configure:21324: test -s conftest.exe
configure:21327: $? = 0
configure:21339: result: yes
configure:21252: checking for fork
configure:21309: gcc -o conftest.exe -Wall   conftest.c  >&5
configure:21315: $? = 0
configure:21318: test -z 			 || test ! -s conftest.err
configure:21321: $? = 0
configure:21324: test -s conftest.exe
configure:21327: $? = 0
configure:21339: result: yes
configure:21411: checking whether to optimize for speed or for accuracy
configure:21453: result: default
configure:21463: checking for architecture-specific fixed-point math routines
configure:21502: result: INTEL
configure:21558: checking for ISO/IEC interpretation
configure:21576: result: best accepted practices
configure:21579: checking whether to enable profiling
configure:21590: result: no
configure:21593: checking whether to enable debugging
configure:21630: result: default
configure:21633: checking whether to enable experimental code
configure:21650: result: no
configure:21778: creating ./config.status

## ---------------------- ##
## Running config.status. ##
## ---------------------- ##

This file was extended by MPEG Audio Decoder config.status 0.15.1b, which was
generated by GNU Autoconf 2.59.  Invocation command line was

  CONFIG_FILES    = 
  CONFIG_HEADERS  = 
  CONFIG_LINKS    = 
  CONFIG_COMMANDS = 
  $ ./config.status 

on parw00060556

config.status:759: creating Makefile
config.status:759: creating msvc++/Makefile
config.status:759: creating libmad.list
config.status:825: creating config.h
config.status:1143: executing depfiles commands

## ---------------- ##
## Cache variables. ##
## ---------------- ##

ac_cv_build=i686-pc-cygwin
ac_cv_build_alias=i686-pc-cygwin
ac_cv_c_bigendian=no
ac_cv_c_compiler_gnu=yes
ac_cv_c_const=yes
ac_cv_c_inline=inline
ac_cv_cxx_compiler_gnu=yes
ac_cv_env_CCASFLAGS_set=
ac_cv_env_CCASFLAGS_value=
ac_cv_env_CCAS_set=
ac_cv_env_CCAS_value=
ac_cv_env_CC_set=
ac_cv_env_CC_value=
ac_cv_env_CFLAGS_set=
ac_cv_env_CFLAGS_value=
ac_cv_env_CPPFLAGS_set=
ac_cv_env_CPPFLAGS_value=
ac_cv_env_CPP_set=
ac_cv_env_CPP_value=
ac_cv_env_CXXCPP_set=
ac_cv_env_CXXCPP_value=
ac_cv_env_CXXFLAGS_set=
ac_cv_env_CXXFLAGS_value=
ac_cv_env_CXX_set=
ac_cv_env_CXX_value=
ac_cv_env_F77_set=
ac_cv_env_F77_value=
ac_cv_env_FFLAGS_set=
ac_cv_env_FFLAGS_value=
ac_cv_env_LDFLAGS_set=
ac_cv_env_LDFLAGS_value=
ac_cv_env_build_alias_set=
ac_cv_env_build_alias_value=
ac_cv_env_host_alias_set=
ac_cv_env_host_alias_value=
ac_cv_env_target_alias_set=
ac_cv_env_target_alias_value=
ac_cv_exeext=.exe
ac_cv_f77_compiler_gnu=yes
ac_cv_func_fcntl=yes
ac_cv_func_fork=yes
ac_cv_func_pipe=yes
ac_cv_func_waitpid=yes
ac_cv_header_assert_h=yes
ac_cv_header_dlfcn_h=yes
ac_cv_header_errno_h=yes
ac_cv_header_fcntl_h=yes
ac_cv_header_inttypes_h=yes
ac_cv_header_limits_h=yes
ac_cv_header_memory_h=yes
ac_cv_header_stdc=yes
ac_cv_header_stdint_h=yes
ac_cv_header_stdlib_h=yes
ac_cv_header_string_h=yes
ac_cv_header_strings_h=yes
ac_cv_header_sys_stat_h=yes
ac_cv_header_sys_types_h=yes
ac_cv_header_sys_wait_h=yes
ac_cv_header_unistd_h=yes
ac_cv_host=i686-pc-cygwin
ac_cv_host_alias=i686-pc-cygwin
ac_cv_objext=o
ac_cv_path_install='/usr/bin/install -c'
ac_cv_prog_AWK=gawk
ac_cv_prog_CPP='gcc -E'
ac_cv_prog_CXXCPP='g++ -E'
ac_cv_prog_ac_ct_AR=ar
ac_cv_prog_ac_ct_CC=gcc
ac_cv_prog_ac_ct_CXX=g++
ac_cv_prog_ac_ct_F77=g77
ac_cv_prog_ac_ct_RANLIB=ranlib
ac_cv_prog_ac_ct_STRIP=strip
ac_cv_prog_cc_g=yes
ac_cv_prog_cc_stdc=
ac_cv_prog_cxx_g=yes
ac_cv_prog_egrep='grep -E'
ac_cv_prog_f77_g=yes
ac_cv_prog_make_make_set=yes
ac_cv_sizeof_int=4
ac_cv_sizeof_long=4
ac_cv_sizeof_long_long=8
ac_cv_type_int=yes
ac_cv_type_long=yes
ac_cv_type_long_long=yes
ac_cv_type_pid_t=yes
am_cv_CC_dependencies_compiler_type=gcc3
am_cv_CXX_dependencies_compiler_type=gcc3
lt_cv_deplibs_check_method='file_magic ^x86 archive import|^x86 DLL'
lt_cv_file_magic_cmd=win32_libid
lt_cv_file_magic_test_file=
lt_cv_ld_reload_flag=-r
lt_cv_objdir=.libs
lt_cv_path_LD=/usr/i686-pc-cygwin/bin/ld.exe
lt_cv_path_LDCXX=/usr/i686-pc-cygwin/bin/ld.exe
lt_cv_path_NM='/usr/bin/nm -B'
lt_cv_path_SED=/usr/bin/sed
lt_cv_prog_compiler_c_o=yes
lt_cv_prog_compiler_c_o_CXX=yes
lt_cv_prog_compiler_c_o_F77=yes
lt_cv_prog_compiler_rtti_exceptions=no
lt_cv_prog_gnu_ld=yes
lt_cv_prog_gnu_ldcxx=yes
lt_cv_sys_global_symbol_pipe='sed -n -e '\''s/^.*[ 	]\([ABCDGIRSTW][ABCDGIRSTW]*\)[ 	][ 	]*\(_\)\([_A-Za-z][_A-Za-z0-9]*\)$/\1 \2\3 \3/p'\'''
lt_cv_sys_global_symbol_to_c_name_address='sed -n -e '\''s/^: \([^ ]*\) $/  {\"\1\", (lt_ptr) 0},/p'\'' -e '\''s/^[BCDEGRST] \([^ ]*\) \([^ ]*\)$/  {"\2", (lt_ptr) \&\2},/p'\'''
lt_cv_sys_global_symbol_to_cdecl='sed -n -e '\''s/^. .* \(.*\)$/extern int \1;/p'\'''
lt_cv_sys_max_cmd_len=8192
lt_lt_cv_prog_compiler_c_o='"yes"'
lt_lt_cv_prog_compiler_c_o_CXX='"yes"'
lt_lt_cv_prog_compiler_c_o_F77='"yes"'
lt_lt_cv_sys_global_symbol_pipe='"sed -n -e '\''s/^.*[ 	]\\([ABCDGIRSTW][ABCDGIRSTW]*\\)[ 	][ 	]*\\(_\\)\\([_A-Za-z][_A-Za-z0-9]*\\)\$/\\1 \\2\\3 \\3/p'\''"'
lt_lt_cv_sys_global_symbol_to_c_name_address='"sed -n -e '\''s/^: \\([^ ]*\\) \$/  {\\\"\\1\\\", (lt_ptr) 0},/p'\'' -e '\''s/^[BCDEGRST] \\([^ ]*\\) \\([^ ]*\\)\$/  {\"\\2\", (lt_ptr) \\&\\2},/p'\''"'
lt_lt_cv_sys_global_symbol_to_cdecl='"sed -n -e '\''s/^. .* \\(.*\\)\$/extern int \\1;/p'\''"'

## ----------------- ##
## Output variables. ##
## ----------------- ##

ACLOCAL='${SHELL} /cygdrive/c/ym/psp/dev/neocd01src/src/libmad/missing --run aclocal-1.8'
AMDEPBACKSLASH='\'
AMDEP_FALSE='#'
AMDEP_TRUE=''
AMTAR='${SHELL} /cygdrive/c/ym/psp/dev/neocd01src/src/libmad/missing --run tar'
AR='ar'
ASO=' -DASO_ZEROCHECK'
ASO_OBJS=''
AUTOCONF='${SHELL} /cygdrive/c/ym/psp/dev/neocd01src/src/libmad/missing --run autoconf'
AUTOHEADER='${SHELL} /cygdrive/c/ym/psp/dev/neocd01src/src/libmad/missing --run autoheader'
AUTOMAKE='${SHELL} /cygdrive/c/ym/psp/dev/neocd01src/src/libmad/missing --run automake-1.8'
AWK='gawk'
CC='gcc'
CCAS='gcc'
CCASFLAGS='-g -O2'
CCDEPMODE='depmode=gcc3'
CFLAGS='-Wall -march=i486 -g -O -fforce-mem -fforce-addr -fthread-jumps -fcse-follow-jumps -fcse-skip-blocks -fexpensive-optimizations -fregmove -fschedule-insns2 -fstrength-reduce'
CPP='gcc -E'
CPPFLAGS=''
CXX='g++'
CXXCPP='g++ -E'
CXXDEPMODE='depmode=gcc3'
CXXFLAGS='-g -O2'
CYGPATH_W='cygpath -w'
DEFS='-DHAVE_CONFIG_H'
DEPDIR='.deps'
ECHO='echo'
ECHO_C=''
ECHO_N='-n'
ECHO_T=''
EGREP='grep -E'
EXEEXT='.exe'
F77='g77'
FFLAGS='-g -O2'
FPM='-DFPM_INTEL'
INSTALL_DATA='${INSTALL} -m 644'
INSTALL_PROGRAM='${INSTALL}'
INSTALL_SCRIPT='${INSTALL}'
INSTALL_STRIP_PROGRAM='${SHELL} $(install_sh) -c -s'
LDFLAGS=''
LIBOBJS=''
LIBS=''
LIBTOOL='$(SHELL) $(top_builddir)/libtool'
LIBTOOL_DEPS='./ltmain.sh'
LN_S='ln -s'
LTLIBOBJS=''
MAKEINFO='${SHELL} /cygdrive/c/ym/psp/dev/neocd01src/src/libmad/missing --run makeinfo'
OBJEXT='o'
PACKAGE='libmad'
PACKAGE_BUGREPORT='support@underbit.com'
PACKAGE_NAME='MPEG Audio Decoder'
PACKAGE_STRING='MPEG Audio Decoder 0.15.1b'
PACKAGE_TARNAME='libmad'
PACKAGE_VERSION='0.15.1b'
PATH_SEPARATOR=':'
RANLIB='ranlib'
SET_MAKE=''
SHELL='/bin/bash'
STRIP='strip'
VERSION='0.15.1b'
ac_ct_AR='ar'
ac_ct_CC='gcc'
ac_ct_CXX='g++'
ac_ct_F77='g77'
ac_ct_RANLIB='ranlib'
ac_ct_STRIP='strip'
am__fastdepCC_FALSE='#'
am__fastdepCC_TRUE=''
am__fastdepCXX_FALSE='#'
am__fastdepCXX_TRUE=''
am__include='include'
am__leading_dot='.'
am__quote=''
bindir='${exec_prefix}/bin'
build='i686-pc-cygwin'
build_alias=''
build_cpu='i686'
build_os='cygwin'
build_vendor='pc'
datadir='${prefix}/share'
exec_prefix='${prefix}'
host='i686-pc-cygwin'
host_alias=''
host_cpu='i686'
host_os='cygwin'
host_vendor='pc'
includedir='${prefix}/include'
infodir='${prefix}/info'
install_sh='/cygdrive/c/ym/psp/dev/neocd01src/src/libmad/install-sh'
libdir='${exec_prefix}/lib'
libexecdir='${exec_prefix}/libexec'
localstatedir='${prefix}/var'
mandir='${prefix}/man'
mkdir_p='mkdir -p -- .'
oldincludedir='/usr/include'
prefix='/usr/local'
program_transform_name='s,x,x,'
sbindir='${exec_prefix}/sbin'
sharedstatedir='${prefix}/com'
sysconfdir='${prefix}/etc'
target_alias=''

## ----------- ##
## confdefs.h. ##
## ----------- ##

#define HAVE_ASSERT_H 1
#define HAVE_DLFCN_H 1
#define HAVE_ERRNO_H 1
#define HAVE_FCNTL 1
#define HAVE_FCNTL_H 1
#define HAVE_FORK 1
#define HAVE_INTTYPES_H 1
#define HAVE_LIMITS_H 1
#define HAVE_MEMORY_H 1
#define HAVE_PIPE 1
#define HAVE_STDINT_H 1
#define HAVE_STDLIB_H 1
#define HAVE_STRINGS_H 1
#define HAVE_STRING_H 1
#define HAVE_SYS_STAT_H 1
#define HAVE_SYS_TYPES_H 1
#define HAVE_SYS_TYPES_H 1
#define HAVE_SYS_WAIT_H 1
#define HAVE_UNISTD_H 1
#define HAVE_UNISTD_H 1
#define HAVE_WAITPID 1
#define PACKAGE "libmad"
#define PACKAGE_BUGREPORT "support@underbit.com"
#define PACKAGE_NAME "MPEG Audio Decoder"
#define PACKAGE_STRING "MPEG Audio Decoder 0.15.1b"
#define PACKAGE_TARNAME "libmad"
#define PACKAGE_VERSION "0.15.1b"
#define SIZEOF_INT 4
#define SIZEOF_LONG 4
#define SIZEOF_LONG_LONG 8
#define STDC_HEADERS 1
#define STDC_HEADERS 1
#define VERSION "0.15.1b"
#endif
#ifdef __cplusplus
extern "C" void std::exit (int) throw (); using std::exit;

configure: exit 0
